#
# There is insufficient memory for the Java Runtime Environment to continue.
# Native memory allocation (mmap) failed to map 268435456 bytes for G1 virtual space
# Possible reasons:
#   The system is out of physical RAM or swap space
#   The process is running with CompressedOops enabled, and the Java Heap may be blocking the growth of the native heap
# Possible solutions:
#   Reduce memory load on the system
#   Increase physical memory or swap space
#   Check if swap backing store is full
#   Decrease Java heap size (-Xmx/-Xms)
#   Decrease number of Java threads
#   Decrease Java thread stack sizes (-Xss)
#   Set larger code cache with -XX:ReservedCodeCacheSize=
#   JVM is running with Zero Based Compressed Oops mode in which the Java heap is
#     placed in the first 32GB address space. The Java Heap base address is the
#     maximum limit for the native heap growth. Please use -XX:HeapBaseMinAddress
#     to set the Java Heap base and to place the Java Heap above 32GB virtual address.
# This output file may be truncated or incomplete.
#
#  Out of Memory Error (os_windows.cpp:3469), pid=17224, tid=11120
#
# JRE version:  (17.0.1+12) (build )
# Java VM: Java HotSpot(TM) 64-Bit Server VM (17.0.1+12-LTS-39, mixed mode, sharing, tiered, compressed oops, compressed class ptrs, g1 gc, windows-amd64)
# No core dump will be written. Minidumps are not enabled by default on client versions of Windows
#

---------------  S U M M A R Y ------------

Command Line: --module-path=C:\Users\Ai\.m2\repository\org\openjfx\javafx-base\16\javafx-base-16-win.jar;C:\Users\Ai\.m2\repository\org\openjfx\javafx-base\17\javafx-base-17.jar;C:\Users\Ai\.m2\repository\org\openjfx\javafx-controls\17\javafx-controls-17-win.jar;C:\Users\Ai\.m2\repository\org\openjfx\javafx-controls\17\javafx-controls-17.jar;C:\Users\Ai\.m2\repository\org\openjfx\javafx-fxml\17\javafx-fxml-17-win.jar;C:\Users\Ai\.m2\repository\org\openjfx\javafx-fxml\17\javafx-fxml-17.jar;C:\Users\Ai\.m2\repository\org\openjfx\javafx-graphics\17\javafx-graphics-17-win.jar;C:\Users\Ai\.m2\repository\org\openjfx\javafx-graphics\17\javafx-graphics-17.jar;C:\Users\Ai\.m2\repository\org\openjfx\javafx-media\16\javafx-media-16-win.jar;C:\Users\Ai\.m2\repository\org\openjfx\javafx-media\16\javafx-media-16.jar;C:\Users\Ai\.m2\repository\org\openjfx\javafx-swing\16\javafx-swing-16-win.jar;C:\Users\Ai\.m2\repository\org\openjfx\javafx-web\16\javafx-web-16-win.jar --add-modules=javafx.base,javafx.base,javafx.controls,javafx.controls,javafx.fxml,javafx.fxml,javafx.graphics,javafx.graphics,javafx.media,javafx.swing,javafx.web com.ahhasc.Main

Host: AMD Ryzen 5 2600 Six-Core Processor            , 12 cores, 15G,  Windows 10 , 64 bit Build 19041 (10.0.19041.1348)
Time: Tue Jan  4 04:31:23 2022 Malay Peninsula Standard Time elapsed time: 0.013113 seconds (0d 0h 0m 0s)

---------------  T H R E A D  ---------------

Current thread (0x000001ee93c30850):  JavaThread "Unknown thread" [_thread_in_vm, id=11120, stack(0x0000006219e00000,0x0000006219f00000)]

Stack: [0x0000006219e00000,0x0000006219f00000]
Native frames: (J=compiled Java code, j=interpreted, Vv=VM code, C=native code)
V  [jvm.dll+0x66fa1a]
V  [jvm.dll+0x7ce5a4]
V  [jvm.dll+0x7cfd4e]
V  [jvm.dll+0x7d03b3]
V  [jvm.dll+0x242b05]
V  [jvm.dll+0x66ca39]
V  [jvm.dll+0x661502]
V  [jvm.dll+0x30081b]
V  [jvm.dll+0x307da6]
V  [jvm.dll+0x357a1e]
V  [jvm.dll+0x357c4f]
V  [jvm.dll+0x2d7ad8]
V  [jvm.dll+0x2d8a44]
V  [jvm.dll+0x7a01e1]
V  [jvm.dll+0x365791]
V  [jvm.dll+0x77f6cc]
V  [jvm.dll+0x3e812f]
V  [jvm.dll+0x3e9bd1]
C  [jli.dll+0x527b]
C  [ucrtbase.dll+0x21bb2]
C  [KERNEL32.DLL+0x17034]
C  [ntdll.dll+0x52651]


---------------  P R O C E S S  ---------------

Threads class SMR info:
_java_thread_list=0x00007ffb2dd57818, length=0, elements={
}

Java Threads: ( => current thread )

Other Threads:
  0x000001ee93c7f6a0 GCTaskThread "GC Thread#0" [stack: 0x0000006219f00000,0x000000621a000000] [id=16564]
  0x000001ee93c91800 ConcurrentGCThread "G1 Main Marker" [stack: 0x000000621a000000,0x000000621a100000] [id=3772]
  0x000001ee93c928d0 ConcurrentGCThread "G1 Conc#0" [stack: 0x000000621a100000,0x000000621a200000] [id=16416]

[error occurred during error reporting (printing all threads), id 0xc0000005, EXCEPTION_ACCESS_VIOLATION (0xc0000005) at pc=0x00007ffb2d5a84b7]

VM state: not at safepoint (not fully initialized)

VM Mutex/Monitor currently owned by a thread:  ([mutex/lock_event])
[0x000001ee93c2c690] Heap_lock - owner thread: 0x000001ee93c30850

Heap address: 0x0000000701000000, size: 4080 MB, Compressed Oops mode: Zero based, Oop shift amount: 3

CDS archive(s) mapped at: [0x0000000000000000-0x0000000000000000-0x0000000000000000), size 0, SharedBaseAddress: 0x0000000800000000, ArchiveRelocationMode: 0.
Narrow klass base: 0x0000000000000000, Narrow klass shift: 0, Narrow klass range: 0x0

GC Precious Log:
<Empty>

Heap:
 garbage-first heap   total 0K, used 0K [0x0000000701000000, 0x0000000800000000)
  region size 2048K, 0 young (0K), 0 survivors (0K)

[error occurred during error reporting (printing heap information), id 0xc0000005, EXCEPTION_ACCESS_VIOLATION (0xc0000005) at pc=0x00007ffb2d988d89]

GC Heap History (0 events):
No events

Deoptimization events (0 events):
No events

Classes unloaded (0 events):
No events

Classes redefined (0 events):
No events

Internal exceptions (0 events):
No events

VM Operations (0 events):
No events

Events (1 events):
Event: 0.006 Loaded shared library C:\Program Files\Java\jdk-17.0.1\bin\java.dll


Dynamic libraries:
0x00007ff71ab10000 - 0x00007ff71ab20000 	C:\Program Files\Java\jdk-17.0.1\bin\java.exe
0x00007ffb7f630000 - 0x00007ffb7f825000 	C:\Windows\SYSTEM32\ntdll.dll
0x00007ffb7df70000 - 0x00007ffb7e02e000 	C:\Windows\System32\KERNEL32.DLL
0x00007ffb7ce90000 - 0x00007ffb7d158000 	C:\Windows\System32\KERNELBASE.dll
0x00007ffb7cd40000 - 0x00007ffb7ce40000 	C:\Windows\System32\ucrtbase.dll
0x00007ffb658c0000 - 0x00007ffb658da000 	C:\Program Files\Java\jdk-17.0.1\bin\VCRUNTIME140.dll
0x00007ffb656f0000 - 0x00007ffb65708000 	C:\Program Files\Java\jdk-17.0.1\bin\jli.dll
0x00007ffb7ef30000 - 0x00007ffb7efdc000 	C:\Windows\System32\ADVAPI32.dll
0x00007ffb7ee90000 - 0x00007ffb7ef2e000 	C:\Windows\System32\msvcrt.dll
0x00007ffb7f0d0000 - 0x00007ffb7f16b000 	C:\Windows\System32\sechost.dll
0x00007ffb7eae0000 - 0x00007ffb7ec0a000 	C:\Windows\System32\RPCRT4.dll
0x00007ffb7d670000 - 0x00007ffb7d811000 	C:\Windows\System32\USER32.dll
0x00007ffb69200000 - 0x00007ffb6949a000 	C:\Windows\WinSxS\amd64_microsoft.windows.common-controls_6595b64144ccf1df_6.0.19041.1110_none_60b5254171f9507e\COMCTL32.dll
0x00007ffb7d320000 - 0x00007ffb7d342000 	C:\Windows\System32\win32u.dll
0x00007ffb7ed30000 - 0x00007ffb7ed5b000 	C:\Windows\System32\GDI32.dll
0x00007ffb7d3f0000 - 0x00007ffb7d4fd000 	C:\Windows\System32\gdi32full.dll
0x00007ffb7d350000 - 0x00007ffb7d3ed000 	C:\Windows\System32\msvcp_win.dll
0x00007ffb74350000 - 0x00007ffb7435a000 	C:\Windows\SYSTEM32\VERSION.dll
0x00007ffb7e3c0000 - 0x00007ffb7e3f0000 	C:\Windows\System32\IMM32.DLL
0x00007ffb699f0000 - 0x00007ffb699fc000 	C:\Program Files\Java\jdk-17.0.1\bin\vcruntime140_1.dll
0x00007ffb56be0000 - 0x00007ffb56c6d000 	C:\Program Files\Java\jdk-17.0.1\bin\msvcp140.dll
0x00007ffb2d2c0000 - 0x00007ffb2de7e000 	C:\Program Files\Java\jdk-17.0.1\bin\server\jvm.dll
0x00007ffb7e3b0000 - 0x00007ffb7e3b8000 	C:\Windows\System32\PSAPI.DLL
0x00007ffb73c70000 - 0x00007ffb73c97000 	C:\Windows\SYSTEM32\WINMM.dll
0x00007ffb7a4a0000 - 0x00007ffb7a4a9000 	C:\Windows\SYSTEM32\WSOCK32.dll
0x00007ffb7ea70000 - 0x00007ffb7eadb000 	C:\Windows\System32\WS2_32.dll
0x00007ffb7ac50000 - 0x00007ffb7ac62000 	C:\Windows\SYSTEM32\kernel.appcore.dll
0x00007ffb67cc0000 - 0x00007ffb67cca000 	C:\Program Files\Java\jdk-17.0.1\bin\jimage.dll
0x00007ffb766f0000 - 0x00007ffb768d4000 	C:\Windows\SYSTEM32\DBGHELP.DLL
0x00007ffb694a0000 - 0x00007ffb694cc000 	C:\Windows\SYSTEM32\dbgcore.DLL
0x00007ffb7d530000 - 0x00007ffb7d5b2000 	C:\Windows\System32\bcryptPrimitives.dll
0x00007ffb64570000 - 0x00007ffb64595000 	C:\Program Files\Java\jdk-17.0.1\bin\java.dll

dbghelp: loaded successfully - version: 4.0.5 - missing functions: none
symbol engine: initialized successfully - sym options: 0x614 - pdb path: .;C:\Program Files\Java\jdk-17.0.1\bin;C:\Windows\SYSTEM32;C:\Windows\WinSxS\amd64_microsoft.windows.common-controls_6595b64144ccf1df_6.0.19041.1110_none_60b5254171f9507e;C:\Program Files\Java\jdk-17.0.1\bin\server

VM Arguments:
jvm_args: --module-path=C:\Users\Ai\.m2\repository\org\openjfx\javafx-base\16\javafx-base-16-win.jar;C:\Users\Ai\.m2\repository\org\openjfx\javafx-base\17\javafx-base-17.jar;C:\Users\Ai\.m2\repository\org\openjfx\javafx-controls\17\javafx-controls-17-win.jar;C:\Users\Ai\.m2\repository\org\openjfx\javafx-controls\17\javafx-controls-17.jar;C:\Users\Ai\.m2\repository\org\openjfx\javafx-fxml\17\javafx-fxml-17-win.jar;C:\Users\Ai\.m2\repository\org\openjfx\javafx-fxml\17\javafx-fxml-17.jar;C:\Users\Ai\.m2\repository\org\openjfx\javafx-graphics\17\javafx-graphics-17-win.jar;C:\Users\Ai\.m2\repository\org\openjfx\javafx-graphics\17\javafx-graphics-17.jar;C:\Users\Ai\.m2\repository\org\openjfx\javafx-media\16\javafx-media-16-win.jar;C:\Users\Ai\.m2\repository\org\openjfx\javafx-media\16\javafx-media-16.jar;C:\Users\Ai\.m2\repository\org\openjfx\javafx-swing\16\javafx-swing-16-win.jar;C:\Users\Ai\.m2\repository\org\openjfx\javafx-web\16\javafx-web-16-win.jar --add-modules=javafx.base,javafx.base,javafx.controls,javafx.controls,javafx.fxml,javafx.fxml,javafx.graphics,javafx.graphics,javafx.media,javafx.swing,javafx.web 
java_command: com.ahhasc.Main
java_class_path (initial): C:\Users\Ai\Documents\Projects\ahhasc\target\classes;C:\Users\Ai\.m2\repository\com\squareup\moshi\moshi\1.8.0\moshi-1.8.0.jar;C:\Users\Ai\.m2\repository\com\squareup\okhttp3\okhttp\3.14.4\okhttp-3.14.4.jar;C:\Users\Ai\.m2\repository\com\squareup\okio\okio\1.16.0\okio-1.16.0.jar;C:\Users\Ai\.m2\repository\com\squareup\retrofit2\converter-moshi\2.7.1\converter-moshi-2.7.1.jar;C:\Users\Ai\.m2\repository\com\squareup\retrofit2\retrofit\2.7.1\retrofit-2.7.1.jar;C:\Users\Ai\.m2\repository\com\vanniktech\gradle-maven-publish-plugin\0.13.0\gradle-maven-publish-plugin-0.13.0.jar;C:\Users\Ai\.m2\repository\io\github\palexdev\materialfx\11.12.0\materialfx-11.12.0.jar;C:\Users\Ai\.m2\repository\org\jetbrains\annotations\13.0\annotations-13.0.jar;C:\Users\Ai\.m2\repository\org\jetbrains\kotlin\kotlin-stdlib\1.3.61\kotlin-stdlib-1.3.61.jar;C:\Users\Ai\.m2\repository\org\jetbrains\kotlin\kotlin-stdlib-common\1.3.61\kotlin-stdlib-common-1.3.61.jar;C:\Users\Ai\.m2\repository\org\reactfx\reactfx\2.0-M5\reactfx-2.0-M5.jar
Launcher Type: SUN_STANDARD

[Global flags]
     intx CICompilerCount                          = 4                                         {product} {ergonomic}
     uint ConcGCThreads                            = 3                                         {product} {ergonomic}
     uint G1ConcRefinementThreads                  = 10                                        {product} {ergonomic}
   size_t G1HeapRegionSize                         = 2097152                                   {product} {ergonomic}
    uintx GCDrainStackTargetSize                   = 64                                        {product} {ergonomic}
   size_t InitialHeapSize                          = 268435456                                 {product} {ergonomic}
   size_t MarkStackSize                            = 4194304                                   {product} {ergonomic}
   size_t MaxHeapSize                              = 4278190080                                {product} {ergonomic}
   size_t MinHeapDeltaBytes                        = 2097152                                   {product} {ergonomic}
   size_t MinHeapSize                              = 8388608                                   {product} {ergonomic}
    uintx NonNMethodCodeHeapSize                   = 5839372                                {pd product} {ergonomic}
    uintx NonProfiledCodeHeapSize                  = 122909434                              {pd product} {ergonomic}
    uintx ProfiledCodeHeapSize                     = 122909434                              {pd product} {ergonomic}
    uintx ReservedCodeCacheSize                    = 251658240                              {pd product} {ergonomic}
     bool SegmentedCodeCache                       = true                                      {product} {ergonomic}
   size_t SoftMaxHeapSize                          = 4278190080                             {manageable} {ergonomic}
     bool UseCompressedClassPointers               = true                           {product lp64_product} {ergonomic}
     bool UseCompressedOops                        = true                           {product lp64_product} {ergonomic}
     bool UseG1GC                                  = true                                      {product} {ergonomic}
     bool UseLargePagesIndividualAllocation        = false                                  {pd product} {ergonomic}

Logging:
Log output configuration:
 #0: stdout all=warning uptime,level,tags
 #1: stderr all=off uptime,level,tags

Environment Variables:
JAVA_HOME=C:\Program Files\Java\jdk-17.0.1
PATH=C:\Program Files\Common Files\Oracle\Java\javapath;C:\Program Files (x86)\Common Files\Oracle\Java\javapath;C:\ProgramData\Oracle\Java\javapath;C:\Program Files (x86)\Razer Chroma SDK\bin;C:\Program Files\Razer Chroma SDK\bin;C:\Program Files\Java\jdk-15.0.2\bin;C:\Program Files (x86)\Razer\ChromaBroadcast\bin;C:\Program Files\Razer\ChromaBroadcast\bin;C:\Windows\system32;C:\Windows;C:\Windows\System32\Wbem;C:\Windows\System32\WindowsPowerShell\v1.0\;C:\Windows\System32\OpenSSH\;C:\Program Files\Microsoft SQL Server\Client SDK\ODBC\170\Tools\Binn\;C:\Program Files (x86)\Microsoft SQL Server\150\Tools\Binn\;C:\Program Files\Microsoft SQL Server\150\Tools\Binn\;C:\Program Files\Microsoft SQL Server\150\DTS\Binn\;C:\Program Files (x86)\AMD\ATI.ACE\Core-Static;C:\Windows\system32\config\systemprofile\AppData\Local\Microsoft\WindowsApps;C:\Program Files\nodejs\;C:\Program Files\Git\cmd;C:\Program Files\AdoptOpenJDK\jdk-11.0.10.9-hotspot\bin;C:\Program Files\apache-maven-3.6.3\bin;C:\Program Files\dotnet\;C:\Users\Ai\AppData\Roaming\Python\Python37\Scripts;C:\Program Files\Microsoft SQL Server\130\Tools\Binn\;C:\Users\Ai\AppData\Local\Microsoft\WindowsApps;C:\php;C:\Users\Ai\AppData\Local\Programs\Microsoft VS Code\bin;C:\Users\Ai\AppData\Roaming\npm;C:\Program Files\heroku\bin;C:\Users\Ai\.dotnet\tools;C:\Users\Ai\.dotnet\tools
USERNAME=Ben Lim
OS=Windows_NT
PROCESSOR_IDENTIFIER=AMD64 Family 23 Model 8 Stepping 2, AuthenticAMD



---------------  S Y S T E M  ---------------

OS:
 Windows 10 , 64 bit Build 19041 (10.0.19041.1348)
OS uptime: 2 days 1:17 hours

CPU: total 12 (initial active 12) (12 cores per cpu, 2 threads per core) family 23 model 8 stepping 2 microcode 0x0, cx8, cmov, fxsr, ht, mmx, 3dnowpref, sse, sse2, sse3, ssse3, sse4a, sse4.1, sse4.2, popcnt, lzcnt, tsc, tscinvbit, avx, avx2, aes, clmul, bmi1, bmi2, adx, sha, fma, vzeroupper, clflush, clflushopt

Memory: 4k page, system-wide physical 16313M (3940M free)
TotalPageFile size 30489M (AvailPageFile size 192M)
current process WorkingSet (physical memory assigned to process): 10M, peak: 10M
current process commit charge ("private bytes"): 64M, peak: 320M

vm_info: Java HotSpot(TM) 64-Bit Server VM (17.0.1+12-LTS-39) for windows-amd64 JRE (17.0.1+12-LTS-39), built on Sep 27 2021 18:41:35 by "mach5one" with MS VC++ 16.8 (VS2019)

END.
